[INFO] Scanning for projects...
[INFO] 
[INFO] ------------------< com.swpu.uchain:open-experiment >-------------------
[INFO] Building open-experiment 0.0.1-SNAPSHOT
[INFO] --------------------------------[ jar ]---------------------------------
[INFO] 
[INFO] >>> spring-boot-maven-plugin:2.1.0.RELEASE:run (default-cli) > test-compile @ open-experiment >>>
[INFO] 
[INFO] --- maven-resources-plugin:3.1.0:resources (default-resources) @ open-experiment ---
[INFO] Using 'UTF-8' encoding to copy filtered resources.
[INFO] Copying 4 resources
[INFO] Copying 19 resources
[INFO] 
[INFO] --- maven-compiler-plugin:3.8.0:compile (default-compile) @ open-experiment ---
[INFO] Nothing to compile - all classes are up to date
[INFO] 
[INFO] --- maven-resources-plugin:3.1.0:testResources (default-testResources) @ open-experiment ---
[INFO] Using 'UTF-8' encoding to copy filtered resources.
[INFO] skip non existing resourceDirectory /Users/louye/IdeaProjects/OpenExperiment/src/test/resources
[INFO] 
[INFO] --- maven-compiler-plugin:3.8.0:testCompile (default-testCompile) @ open-experiment ---
[INFO] Nothing to compile - all classes are up to date
[INFO] 
[INFO] <<< spring-boot-maven-plugin:2.1.0.RELEASE:run (default-cli) < test-compile @ open-experiment <<<
[INFO] 
[INFO] 
[INFO] --- spring-boot-maven-plugin:2.1.0.RELEASE:run (default-cli) @ open-experiment ---

  .   ____          _            __ _ _
 /\\ / ___'_ __ _ _(_)_ __  __ _ \ \ \ \
( ( )\___ | '_ | '_| | '_ \/ _` | \ \ \ \
 \\/  ___)| |_)| | | | | || (_| |  ) ) ) )
  '  |____| .__|_| |_|_| |_\__, | / / / /
 =========|_|==============|___/=/_/_/_/
 :: Spring Boot ::        (v2.1.0.RELEASE)

2019-06-18 17:15:57.370  INFO 69516 --- [           main] c.s.u.o.OpenExperimentApplication        : Starting OpenExperimentApplication on louyedeMacBook-Pro.local with PID 69516 (/Users/louye/IdeaProjects/OpenExperiment/target/classes started by louye in /Users/louye/IdeaProjects/OpenExperiment)
2019-06-18 17:15:57.375  INFO 69516 --- [           main] c.s.u.o.OpenExperimentApplication        : The following profiles are active: dev
2019-06-18 17:16:00.456  INFO 69516 --- [           main] trationDelegate$BeanPostProcessorChecker : Bean 'org.springframework.transaction.annotation.ProxyTransactionManagementConfiguration' of type [org.springframework.transaction.annotation.ProxyTransactionManagementConfiguration$$EnhancerBySpringCGLIB$$698be090] is not eligible for getting processed by all BeanPostProcessors (for example: not eligible for auto-proxying)
2019-06-18 17:16:00.764  INFO 69516 --- [           main] trationDelegate$BeanPostProcessorChecker : Bean 'org.springframework.security.config.annotation.configuration.ObjectPostProcessorConfiguration' of type [org.springframework.security.config.annotation.configuration.ObjectPostProcessorConfiguration$$EnhancerBySpringCGLIB$$239a8ca] is not eligible for getting processed by all BeanPostProcessors (for example: not eligible for auto-proxying)
2019-06-18 17:16:00.784  INFO 69516 --- [           main] trationDelegate$BeanPostProcessorChecker : Bean 'objectPostProcessor' of type [org.springframework.security.config.annotation.configuration.AutowireBeanFactoryObjectPostProcessor] is not eligible for getting processed by all BeanPostProcessors (for example: not eligible for auto-proxying)
2019-06-18 17:16:00.798  INFO 69516 --- [           main] trationDelegate$BeanPostProcessorChecker : Bean 'org.springframework.security.access.expression.method.DefaultMethodSecurityExpressionHandler@1f49be8a' of type [org.springframework.security.access.expression.method.DefaultMethodSecurityExpressionHandler] is not eligible for getting processed by all BeanPostProcessors (for example: not eligible for auto-proxying)
2019-06-18 17:16:00.811  INFO 69516 --- [           main] trationDelegate$BeanPostProcessorChecker : Bean 'org.springframework.security.config.annotation.method.configuration.GlobalMethodSecurityConfiguration' of type [org.springframework.security.config.annotation.method.configuration.GlobalMethodSecurityConfiguration$$EnhancerBySpringCGLIB$$270e4b7c] is not eligible for getting processed by all BeanPostProcessors (for example: not eligible for auto-proxying)
2019-06-18 17:16:00.846  INFO 69516 --- [           main] trationDelegate$BeanPostProcessorChecker : Bean 'methodSecurityMetadataSource' of type [org.springframework.security.access.method.DelegatingMethodSecurityMetadataSource] is not eligible for getting processed by all BeanPostProcessors (for example: not eligible for auto-proxying)
2019-06-18 17:16:01.661  INFO 69516 --- [           main] o.s.b.w.embedded.tomcat.TomcatWebServer  : Tomcat initialized with port(s): 8083 (http)
2019-06-18 17:16:01.717  INFO 69516 --- [           main] o.apache.catalina.core.StandardService   : Starting service [Tomcat]
2019-06-18 17:16:01.718  INFO 69516 --- [           main] org.apache.catalina.core.StandardEngine  : Starting Servlet Engine: Apache Tomcat/9.0.12
2019-06-18 17:16:01.739  INFO 69516 --- [           main] o.a.catalina.core.AprLifecycleListener   : The APR based Apache Tomcat Native library which allows optimal performance in production environments was not found on the java.library.path: [/Users/louye/Library/Java/Extensions:/Library/Java/Extensions:/Network/Library/Java/Extensions:/System/Library/Java/Extensions:/usr/lib/java:.]
2019-06-18 17:16:01.891  INFO 69516 --- [           main] o.a.c.c.C.[Tomcat].[localhost].[/]       : Initializing Spring embedded WebApplicationContext
2019-06-18 17:16:01.892  INFO 69516 --- [           main] o.s.web.context.ContextLoader            : Root WebApplicationContext: initialization completed in 4451 ms
2019-06-18 17:16:02.431  INFO 69516 --- [           main] c.a.d.s.b.a.DruidDataSourceAutoConfigure : Init DruidDataSource
2019-06-18 17:16:06.129  INFO 69516 --- [           main] com.alibaba.druid.pool.DruidDataSource   : {dataSource-1} inited
